Starting ECR push process at Sun Jun 30 17:02:52 CST 2024
Region: us-east-1
Repository URL: 993407081893.dkr.ecr.us-east-1.amazonaws.com/nginx
Logging in to ECR...
Login Succeeded
Successfully logged in to ECR
Creating Dockerfile...
Setting up Docker buildx...
mybuilder
Docker buildx setup successful
Building and loading Docker image...
#0 building with "mybuilder" instance using docker-container driver

#1 [internal] booting buildkit
#1 pulling image moby/buildkit:buildx-stable-1
#1 pulling image moby/buildkit:buildx-stable-1 1.0s done
#1 creating container buildx_buildkit_mybuilder0
#1 creating container buildx_buildkit_mybuilder0 0.5s done
#1 DONE 1.5s

#2 [internal] load build definition from Dockerfile
#2 transferring dockerfile: 139B done
#2 DONE 0.0s

#3 [internal] load metadata for docker.io/library/nginx:1.27.0-alpine-slim
#3 DONE 1.7s

#4 [internal] load .dockerignore
#4 transferring context: 2B done
#4 DONE 0.0s

#5 [1/1] FROM docker.io/library/nginx:1.27.0-alpine-slim@sha256:66943ac4a1ca7f111097d3c656939dfe8ae2bc8314bb45d6d80419c5fb25e304
#5 resolve docker.io/library/nginx:1.27.0-alpine-slim@sha256:66943ac4a1ca7f111097d3c656939dfe8ae2bc8314bb45d6d80419c5fb25e304 done
#5 sha256:b84a74cde5af5c5199bfc2ce2a8c8951a29a7716d17327e923f1a14c870a858b 0B / 3.42MB 0.2s
#5 sha256:86c35ade2ef3fc036c4d252dc91d9bbcb7a182cccde80ed8cd38f2441cc1d114 0B / 1.40kB 0.2s
#5 sha256:86c35ade2ef3fc036c4d252dc91d9bbcb7a182cccde80ed8cd38f2441cc1d114 1.40kB / 1.40kB 0.2s done
#5 sha256:8311a42582b3be423b36b2d2b20dc028c69b089c941ed07c31cb35399305461c 0B / 397B 0.2s
#5 sha256:56051d5ceced327050d3affcbe858aabf524aacc3bd3a8fb5879dc9f2943af9c 0B / 1.21kB 0.2s
#5 sha256:6b549263cbbd6a62fbe0fc206b12bfdaf0f8be68ce22381354b69158a965da9a 0B / 959B 0.2s
#5 sha256:6b549263cbbd6a62fbe0fc206b12bfdaf0f8be68ce22381354b69158a965da9a 959B / 959B 0.4s done
#5 sha256:8311a42582b3be423b36b2d2b20dc028c69b089c941ed07c31cb35399305461c 397B / 397B 0.6s done
#5 sha256:56051d5ceced327050d3affcbe858aabf524aacc3bd3a8fb5879dc9f2943af9c 1.21kB / 1.21kB 0.6s done
#5 sha256:ec939b2456d7dd88a36bb7b620b10caed3301f2c440d3385ec7686d69823e69d 0B / 1.92MB 0.2s
#5 sha256:4838760d22df5943d9a3eadd764e3dfc8477e8e28651724efdb110723febcfb3 0B / 626B 0.2s
#5 sha256:4838760d22df5943d9a3eadd764e3dfc8477e8e28651724efdb110723febcfb3 626B / 626B 0.2s done
#5 sha256:b84a74cde5af5c5199bfc2ce2a8c8951a29a7716d17327e923f1a14c870a858b 2.10MB / 3.42MB 0.9s
#5 sha256:b84a74cde5af5c5199bfc2ce2a8c8951a29a7716d17327e923f1a14c870a858b 3.42MB / 3.42MB 1.1s done
#5 sha256:ec939b2456d7dd88a36bb7b620b10caed3301f2c440d3385ec7686d69823e69d 1.06MB / 1.92MB 0.6s
#5 sha256:ec939b2456d7dd88a36bb7b620b10caed3301f2c440d3385ec7686d69823e69d 1.92MB / 1.92MB 0.6s done
#5 DONE 1.3s

#6 exporting to oci image format
#6 exporting layers done
#6 exporting manifest sha256:2227116efe3b58d1a0d9780e989262a1a7f5f0608f47449714c518de8666e731 done
#6 exporting config sha256:314d79aff333fe918f80013858bdad675c62ab8247cadd489fc2cd9ec227ec6c done
#6 sending tarball
#6 sending tarball 0.3s done
#6 DONE 1.6s

#7 importing to docker
#7 DONE 0.0s

View build details: docker-desktop://dashboard/build/mybuilder/mybuilder0/wkjxevlbma6ormp1be95jue6z
Docker image built and loaded successfully
Pushing Docker image...
The push refers to repository [993407081893.dkr.ecr.us-east-1.amazonaws.com/nginx]
ec939b2456d7: Waiting
6b549263cbbd: Waiting
4838760d22df: Waiting
8311a42582b3: Waiting
b84a74cde5af: Waiting
56051d5ceced: Waiting
86c35ade2ef3: Waiting
6b549263cbbd: Waiting
4838760d22df: Waiting
8311a42582b3: Waiting
b84a74cde5af: Waiting
56051d5ceced: Waiting
86c35ade2ef3: Waiting
ec939b2456d7: Waiting
86c35ade2ef3: Waiting
ec939b2456d7: Waiting
6b549263cbbd: Waiting
4838760d22df: Waiting
8311a42582b3: Waiting
b84a74cde5af: Waiting
56051d5ceced: Waiting
56051d5ceced: Waiting
86c35ade2ef3: Waiting
ec939b2456d7: Waiting
6b549263cbbd: Waiting
4838760d22df: Waiting
8311a42582b3: Waiting
b84a74cde5af: Waiting
86c35ade2ef3: Waiting
ec939b2456d7: Waiting
6b549263cbbd: Waiting
4838760d22df: Waiting
8311a42582b3: Waiting
b84a74cde5af: Waiting
56051d5ceced: Waiting
ec939b2456d7: Waiting
6b549263cbbd: Waiting
4838760d22df: Waiting
8311a42582b3: Waiting
b84a74cde5af: Waiting
56051d5ceced: Waiting
86c35ade2ef3: Waiting
4838760d22df: Waiting
8311a42582b3: Waiting
b84a74cde5af: Waiting
56051d5ceced: Waiting
86c35ade2ef3: Waiting
ec939b2456d7: Waiting
6b549263cbbd: Waiting
56051d5ceced: Waiting
4838760d22df: Waiting
86c35ade2ef3: Pushed
6b549263cbbd: Pushed
4838760d22df: Pushed
8311a42582b3: Pushed
56051d5ceced: Pushed
ec939b2456d7: Pushed
b84a74cde5af: Pushed
1.27.0-alpine-slim: digest: sha256:2227116efe3b58d1a0d9780e989262a1a7f5f0608f47449714c518de8666e731 size: 1615
Docker image pushed successfully
Cleaning up...
mybuilder removed
ECR push process completed at Sun Jun 30 17:03:18 CST 2024
Starting ECR push process at Sun Jun 30 18:03:20 CST 2024
Region: us-east-1
Repository URL: 993407081893.dkr.ecr.us-east-1.amazonaws.com/nginx
Logging in to ECR...
Login Succeeded
Successfully logged in to ECR
Creating Dockerfile...
Setting up Docker buildx...
mybuilder
Docker buildx setup successful
Building and loading Docker image...
#0 building with "mybuilder" instance using docker-container driver

#1 [internal] booting buildkit
#1 pulling image moby/buildkit:buildx-stable-1
#1 pulling image moby/buildkit:buildx-stable-1 1.1s done
#1 creating container buildx_buildkit_mybuilder0
#1 creating container buildx_buildkit_mybuilder0 0.6s done
#1 DONE 1.7s

#2 [internal] load build definition from Dockerfile
#2 transferring dockerfile: 139B done
#2 DONE 0.0s

#3 [internal] load metadata for docker.io/library/nginx:1.27.0-alpine-slim
#3 DONE 1.9s

#4 [internal] load .dockerignore
#4 transferring context: 2B done
#4 DONE 0.0s

#5 [1/1] FROM docker.io/library/nginx:1.27.0-alpine-slim@sha256:66943ac4a1ca7f111097d3c656939dfe8ae2bc8314bb45d6d80419c5fb25e304
#5 resolve docker.io/library/nginx:1.27.0-alpine-slim@sha256:66943ac4a1ca7f111097d3c656939dfe8ae2bc8314bb45d6d80419c5fb25e304 0.0s done
#5 sha256:86c35ade2ef3fc036c4d252dc91d9bbcb7a182cccde80ed8cd38f2441cc1d114 0B / 1.40kB 0.2s
#5 sha256:6b549263cbbd6a62fbe0fc206b12bfdaf0f8be68ce22381354b69158a965da9a 0B / 959B 0.2s
#5 sha256:86c35ade2ef3fc036c4d252dc91d9bbcb7a182cccde80ed8cd38f2441cc1d114 1.40kB / 1.40kB 0.2s done
#5 sha256:4838760d22df5943d9a3eadd764e3dfc8477e8e28651724efdb110723febcfb3 0B / 626B 0.2s
#5 sha256:8311a42582b3be423b36b2d2b20dc028c69b089c941ed07c31cb35399305461c 0B / 397B 0.2s
#5 sha256:6b549263cbbd6a62fbe0fc206b12bfdaf0f8be68ce22381354b69158a965da9a 959B / 959B 0.3s done
#5 sha256:56051d5ceced327050d3affcbe858aabf524aacc3bd3a8fb5879dc9f2943af9c 1.21kB / 1.21kB 0.2s done
#5 sha256:4838760d22df5943d9a3eadd764e3dfc8477e8e28651724efdb110723febcfb3 626B / 626B 0.5s done
#5 sha256:8311a42582b3be423b36b2d2b20dc028c69b089c941ed07c31cb35399305461c 397B / 397B 0.6s done
#5 sha256:ec939b2456d7dd88a36bb7b620b10caed3301f2c440d3385ec7686d69823e69d 0B / 1.92MB 0.2s
#5 sha256:b84a74cde5af5c5199bfc2ce2a8c8951a29a7716d17327e923f1a14c870a858b 0B / 3.42MB 0.3s
#5 sha256:ec939b2456d7dd88a36bb7b620b10caed3301f2c440d3385ec7686d69823e69d 1.05MB / 1.92MB 2.1s
#5 sha256:b84a74cde5af5c5199bfc2ce2a8c8951a29a7716d17327e923f1a14c870a858b 1.05MB / 3.42MB 2.1s
#5 sha256:ec939b2456d7dd88a36bb7b620b10caed3301f2c440d3385ec7686d69823e69d 1.92MB / 1.92MB 3.4s done
#5 sha256:b84a74cde5af5c5199bfc2ce2a8c8951a29a7716d17327e923f1a14c870a858b 2.10MB / 3.42MB 3.5s
#5 sha256:b84a74cde5af5c5199bfc2ce2a8c8951a29a7716d17327e923f1a14c870a858b 3.15MB / 3.42MB 4.8s
#5 sha256:b84a74cde5af5c5199bfc2ce2a8c8951a29a7716d17327e923f1a14c870a858b 3.42MB / 3.42MB 5.1s done
#5 DONE 5.6s

#6 exporting to oci image format
#6 exporting layers done
#6 exporting manifest sha256:2227116efe3b58d1a0d9780e989262a1a7f5f0608f47449714c518de8666e731 0.0s done
#6 exporting config sha256:314d79aff333fe918f80013858bdad675c62ab8247cadd489fc2cd9ec227ec6c done
#6 sending tarball
#6 ...

#7 importing to docker
#7 DONE 0.0s

#6 exporting to oci image format
#6 sending tarball 0.2s done
#6 DONE 5.7s

View build details: docker-desktop://dashboard/build/mybuilder/mybuilder0/qnja5882pj685wsalo9u60iiw
Docker image built and loaded successfully
Pushing Docker image...
The push refers to repository [993407081893.dkr.ecr.us-east-1.amazonaws.com/nginx]
8311a42582b3: Waiting
4838760d22df: Waiting
b84a74cde5af: Waiting
86c35ade2ef3: Waiting
ec939b2456d7: Waiting
6b549263cbbd: Waiting
56051d5ceced: Waiting
8311a42582b3: Waiting
4838760d22df: Waiting
b84a74cde5af: Waiting
86c35ade2ef3: Waiting
ec939b2456d7: Waiting
6b549263cbbd: Waiting
56051d5ceced: Waiting
ec939b2456d7: Waiting
6b549263cbbd: Waiting
56051d5ceced: Waiting
8311a42582b3: Waiting
4838760d22df: Waiting
b84a74cde5af: Waiting
86c35ade2ef3: Waiting
56051d5ceced: Waiting
8311a42582b3: Waiting
4838760d22df: Waiting
b84a74cde5af: Waiting
86c35ade2ef3: Waiting
ec939b2456d7: Waiting
6b549263cbbd: Waiting
b84a74cde5af: Waiting
86c35ade2ef3: Waiting
ec939b2456d7: Waiting
6b549263cbbd: Waiting
56051d5ceced: Waiting
8311a42582b3: Waiting
4838760d22df: Waiting
ec939b2456d7: Waiting
6b549263cbbd: Waiting
56051d5ceced: Waiting
8311a42582b3: Waiting
4838760d22df: Waiting
b84a74cde5af: Waiting
86c35ade2ef3: Waiting
4838760d22df: Waiting
b84a74cde5af: Waiting
86c35ade2ef3: Waiting
ec939b2456d7: Waiting
6b549263cbbd: Waiting
56051d5ceced: Waiting
8311a42582b3: Waiting
86c35ade2ef3: Waiting
ec939b2456d7: Waiting
6b549263cbbd: Waiting
56051d5ceced: Waiting
8311a42582b3: Waiting
56051d5ceced: Waiting
86c35ade2ef3: Pushed
6b549263cbbd: Pushed
8311a42582b3: Pushed
4838760d22df: Pushed
56051d5ceced: Pushed
ec939b2456d7: Pushed
b84a74cde5af: Pushed
1.27.0-alpine-slim: digest: sha256:2227116efe3b58d1a0d9780e989262a1a7f5f0608f47449714c518de8666e731 size: 1615
Docker image pushed successfully
Cleaning up...
mybuilder removed
ECR push process completed at Sun Jun 30 18:03:57 CST 2024
Starting ECR push process at Sun Jun 30 18:19:29 CST 2024
Region: us-east-1
Repository URL: 993407081893.dkr.ecr.us-east-1.amazonaws.com/nginx
Logging in to ECR...
Login Succeeded
Successfully logged in to ECR
Creating Dockerfile...
Setting up Docker buildx...
mybuilder
Docker buildx setup successful
Building and loading Docker image...
#0 building with "mybuilder" instance using docker-container driver

#1 [internal] booting buildkit
#1 pulling image moby/buildkit:buildx-stable-1
#1 pulling image moby/buildkit:buildx-stable-1 1.1s done
#1 creating container buildx_buildkit_mybuilder0
#1 creating container buildx_buildkit_mybuilder0 0.4s done
#1 DONE 1.5s

#2 [internal] load build definition from Dockerfile
#2 transferring dockerfile: 139B done
#2 DONE 0.0s

#3 [internal] load metadata for docker.io/library/nginx:1.27.0-alpine-slim
#3 DONE 1.7s

#4 [internal] load .dockerignore
#4 transferring context: 2B done
#4 DONE 0.0s

#5 [1/1] FROM docker.io/library/nginx:1.27.0-alpine-slim@sha256:66943ac4a1ca7f111097d3c656939dfe8ae2bc8314bb45d6d80419c5fb25e304
#5 resolve docker.io/library/nginx:1.27.0-alpine-slim@sha256:66943ac4a1ca7f111097d3c656939dfe8ae2bc8314bb45d6d80419c5fb25e304 done
#5 sha256:86c35ade2ef3fc036c4d252dc91d9bbcb7a182cccde80ed8cd38f2441cc1d114 0B / 1.40kB 0.2s
#5 sha256:8311a42582b3be423b36b2d2b20dc028c69b089c941ed07c31cb35399305461c 0B / 397B 0.2s
#5 sha256:86c35ade2ef3fc036c4d252dc91d9bbcb7a182cccde80ed8cd38f2441cc1d114 1.40kB / 1.40kB 0.2s done
#5 sha256:4838760d22df5943d9a3eadd764e3dfc8477e8e28651724efdb110723febcfb3 0B / 626B 0.2s
#5 sha256:6b549263cbbd6a62fbe0fc206b12bfdaf0f8be68ce22381354b69158a965da9a 959B / 959B 0.3s done
#5 sha256:4838760d22df5943d9a3eadd764e3dfc8477e8e28651724efdb110723febcfb3 626B / 626B 0.4s done
#5 sha256:56051d5ceced327050d3affcbe858aabf524aacc3bd3a8fb5879dc9f2943af9c 0B / 1.21kB 0.2s
#5 sha256:b84a74cde5af5c5199bfc2ce2a8c8951a29a7716d17327e923f1a14c870a858b 0B / 3.42MB 0.2s
#5 sha256:8311a42582b3be423b36b2d2b20dc028c69b089c941ed07c31cb35399305461c 397B / 397B 0.5s done
#5 sha256:56051d5ceced327050d3affcbe858aabf524aacc3bd3a8fb5879dc9f2943af9c 1.21kB / 1.21kB 0.4s done
#5 sha256:ec939b2456d7dd88a36bb7b620b10caed3301f2c440d3385ec7686d69823e69d 0B / 1.92MB 0.2s
#5 sha256:ec939b2456d7dd88a36bb7b620b10caed3301f2c440d3385ec7686d69823e69d 1.05MB / 1.92MB 0.6s
#5 sha256:b84a74cde5af5c5199bfc2ce2a8c8951a29a7716d17327e923f1a14c870a858b 1.05MB / 3.42MB 0.8s
#5 sha256:ec939b2456d7dd88a36bb7b620b10caed3301f2c440d3385ec7686d69823e69d 1.92MB / 1.92MB 0.8s done
#5 sha256:b84a74cde5af5c5199bfc2ce2a8c8951a29a7716d17327e923f1a14c870a858b 2.10MB / 3.42MB 1.1s
#5 sha256:b84a74cde5af5c5199bfc2ce2a8c8951a29a7716d17327e923f1a14c870a858b 3.42MB / 3.42MB 1.3s done
#5 DONE 1.6s

#6 importing to docker
#6 DONE 0.0s

#7 exporting to oci image format
#7 exporting layers done
#7 exporting manifest sha256:2227116efe3b58d1a0d9780e989262a1a7f5f0608f47449714c518de8666e731 done
#7 exporting config sha256:314d79aff333fe918f80013858bdad675c62ab8247cadd489fc2cd9ec227ec6c done
#7 sending tarball 0.1s done
#7 DONE 1.7s

View build details: docker-desktop://dashboard/build/mybuilder/mybuilder0/fdnfb76bhe5tyfd50gky2qnkz
Docker image built and loaded successfully
Pushing Docker image...
The push refers to repository [993407081893.dkr.ecr.us-east-1.amazonaws.com/nginx]
ec939b2456d7: Waiting
b84a74cde5af: Waiting
4838760d22df: Waiting
86c35ade2ef3: Waiting
6b549263cbbd: Waiting
8311a42582b3: Waiting
56051d5ceced: Waiting
56051d5ceced: Waiting
ec939b2456d7: Waiting
b84a74cde5af: Waiting
4838760d22df: Waiting
86c35ade2ef3: Waiting
6b549263cbbd: Waiting
8311a42582b3: Waiting
b84a74cde5af: Waiting
4838760d22df: Waiting
86c35ade2ef3: Waiting
6b549263cbbd: Waiting
8311a42582b3: Waiting
56051d5ceced: Waiting
ec939b2456d7: Waiting
86c35ade2ef3: Waiting
6b549263cbbd: Waiting
8311a42582b3: Waiting
56051d5ceced: Waiting
ec939b2456d7: Waiting
b84a74cde5af: Waiting
4838760d22df: Waiting
86c35ade2ef3: Waiting
6b549263cbbd: Waiting
8311a42582b3: Waiting
56051d5ceced: Waiting
ec939b2456d7: Waiting
b84a74cde5af: Waiting
4838760d22df: Waiting
86c35ade2ef3: Waiting
6b549263cbbd: Waiting
8311a42582b3: Waiting
56051d5ceced: Waiting
ec939b2456d7: Waiting
b84a74cde5af: Waiting
4838760d22df: Waiting
ec939b2456d7: Waiting
b84a74cde5af: Waiting
4838760d22df: Waiting
86c35ade2ef3: Waiting
6b549263cbbd: Waiting
8311a42582b3: Waiting
56051d5ceced: Waiting
4838760d22df: Waiting
86c35ade2ef3: Waiting
ec939b2456d7: Waiting
6b549263cbbd: Pushed
86c35ade2ef3: Pushed
8311a42582b3: Pushed
56051d5ceced: Pushed
4838760d22df: Pushed
ec939b2456d7: Pushed
b84a74cde5af: Pushed
1.27.0-alpine-slim: digest: sha256:2227116efe3b58d1a0d9780e989262a1a7f5f0608f47449714c518de8666e731 size: 1615
Docker image pushed successfully
Cleaning up...
mybuilder removed
ECR push process completed at Sun Jun 30 18:20:00 CST 2024
Starting ECR push process at Sun Jun 30 18:43:00 CST 2024
Region: us-east-1
Repository URL: 993407081893.dkr.ecr.us-east-1.amazonaws.com/nginx
Logging in to ECR...
Login Succeeded
Successfully logged in to ECR
Creating Dockerfile...
Setting up Docker buildx...
mybuilder
Docker buildx setup successful
Building and loading Docker image...
#0 building with "mybuilder" instance using docker-container driver

#1 [internal] booting buildkit
#1 pulling image moby/buildkit:buildx-stable-1
#1 pulling image moby/buildkit:buildx-stable-1 1.2s done
#1 creating container buildx_buildkit_mybuilder0
#1 creating container buildx_buildkit_mybuilder0 0.4s done
#1 DONE 1.7s

#2 [internal] load build definition from Dockerfile
#2 transferring dockerfile: 139B done
#2 DONE 0.0s

#3 [internal] load metadata for docker.io/library/nginx:1.27.0-alpine-slim
#3 DONE 2.0s

#4 [internal] load .dockerignore
#4 transferring context: 2B done
#4 DONE 0.0s

#5 [1/1] FROM docker.io/library/nginx:1.27.0-alpine-slim@sha256:66943ac4a1ca7f111097d3c656939dfe8ae2bc8314bb45d6d80419c5fb25e304
#5 resolve docker.io/library/nginx:1.27.0-alpine-slim@sha256:66943ac4a1ca7f111097d3c656939dfe8ae2bc8314bb45d6d80419c5fb25e304 done
#5 sha256:86c35ade2ef3fc036c4d252dc91d9bbcb7a182cccde80ed8cd38f2441cc1d114 0B / 1.40kB 0.2s
#5 sha256:86c35ade2ef3fc036c4d252dc91d9bbcb7a182cccde80ed8cd38f2441cc1d114 1.40kB / 1.40kB 0.2s done
#5 sha256:4838760d22df5943d9a3eadd764e3dfc8477e8e28651724efdb110723febcfb3 0B / 626B 0.3s
#5 sha256:6b549263cbbd6a62fbe0fc206b12bfdaf0f8be68ce22381354b69158a965da9a 0B / 959B 0.2s
#5 sha256:56051d5ceced327050d3affcbe858aabf524aacc3bd3a8fb5879dc9f2943af9c 0B / 1.21kB 0.2s
#5 sha256:4838760d22df5943d9a3eadd764e3dfc8477e8e28651724efdb110723febcfb3 626B / 626B 0.3s done
#5 sha256:56051d5ceced327050d3affcbe858aabf524aacc3bd3a8fb5879dc9f2943af9c 1.21kB / 1.21kB 0.4s done
#5 sha256:8311a42582b3be423b36b2d2b20dc028c69b089c941ed07c31cb35399305461c 0B / 397B 0.2s
#5 sha256:8311a42582b3be423b36b2d2b20dc028c69b089c941ed07c31cb35399305461c 397B / 397B 0.3s done
#5 sha256:b84a74cde5af5c5199bfc2ce2a8c8951a29a7716d17327e923f1a14c870a858b 0B / 3.42MB 0.2s
#5 sha256:ec939b2456d7dd88a36bb7b620b10caed3301f2c440d3385ec7686d69823e69d 0B / 1.92MB 0.2s
#5 sha256:6b549263cbbd6a62fbe0fc206b12bfdaf0f8be68ce22381354b69158a965da9a 959B / 959B 0.6s done
#5 sha256:ec939b2456d7dd88a36bb7b620b10caed3301f2c440d3385ec7686d69823e69d 1.05MB / 1.92MB 0.8s
#5 sha256:b84a74cde5af5c5199bfc2ce2a8c8951a29a7716d17327e923f1a14c870a858b 1.05MB / 3.42MB 0.9s
#5 sha256:b84a74cde5af5c5199bfc2ce2a8c8951a29a7716d17327e923f1a14c870a858b 3.15MB / 3.42MB 1.2s
#5 sha256:ec939b2456d7dd88a36bb7b620b10caed3301f2c440d3385ec7686d69823e69d 1.92MB / 1.92MB 0.9s done
#5 sha256:b84a74cde5af5c5199bfc2ce2a8c8951a29a7716d17327e923f1a14c870a858b 3.42MB / 3.42MB 1.2s done
#5 DONE 1.6s

#6 importing to docker
#6 DONE 0.0s

#7 exporting to oci image format
#7 exporting layers done
#7 exporting manifest sha256:2227116efe3b58d1a0d9780e989262a1a7f5f0608f47449714c518de8666e731 done
#7 exporting config sha256:314d79aff333fe918f80013858bdad675c62ab8247cadd489fc2cd9ec227ec6c done
#7 sending tarball 0.2s done
#7 DONE 1.7s

View build details: docker-desktop://dashboard/build/mybuilder/mybuilder0/i9zwybdo1g6esyk0sa3crkh3x
Docker image built and loaded successfully
Pushing Docker image...
The push refers to repository [993407081893.dkr.ecr.us-east-1.amazonaws.com/nginx]
ec939b2456d7: Waiting
4838760d22df: Waiting
b84a74cde5af: Waiting
86c35ade2ef3: Waiting
6b549263cbbd: Waiting
8311a42582b3: Waiting
56051d5ceced: Waiting
56051d5ceced: Waiting
ec939b2456d7: Waiting
4838760d22df: Waiting
b84a74cde5af: Waiting
86c35ade2ef3: Waiting
6b549263cbbd: Waiting
8311a42582b3: Waiting
4838760d22df: Waiting
b84a74cde5af: Waiting
86c35ade2ef3: Waiting
6b549263cbbd: Waiting
8311a42582b3: Waiting
56051d5ceced: Waiting
ec939b2456d7: Waiting
ec939b2456d7: Waiting
4838760d22df: Waiting
b84a74cde5af: Waiting
86c35ade2ef3: Waiting
6b549263cbbd: Waiting
8311a42582b3: Waiting
56051d5ceced: Waiting
8311a42582b3: Waiting
56051d5ceced: Waiting
ec939b2456d7: Waiting
4838760d22df: Waiting
b84a74cde5af: Waiting
86c35ade2ef3: Waiting
6b549263cbbd: Waiting
4838760d22df: Waiting
b84a74cde5af: Waiting
86c35ade2ef3: Waiting
6b549263cbbd: Waiting
8311a42582b3: Waiting
56051d5ceced: Waiting
ec939b2456d7: Waiting
8311a42582b3: Waiting
56051d5ceced: Waiting
ec939b2456d7: Waiting
4838760d22df: Waiting
b84a74cde5af: Waiting
86c35ade2ef3: Waiting
6b549263cbbd: Waiting
ec939b2456d7: Waiting
4838760d22df: Waiting
b84a74cde5af: Waiting
86c35ade2ef3: Waiting
6b549263cbbd: Waiting
8311a42582b3: Waiting
56051d5ceced: Waiting
ec939b2456d7: Waiting
b84a74cde5af: Waiting
6b549263cbbd: Waiting
b84a74cde5af: Waiting
8311a42582b3: Pushed
56051d5ceced: Pushed
4838760d22df: Pushed
86c35ade2ef3: Pushed
6b549263cbbd: Pushed
ec939b2456d7: Pushed
b84a74cde5af: Pushed
1.27.0-alpine-slim: digest: sha256:2227116efe3b58d1a0d9780e989262a1a7f5f0608f47449714c518de8666e731 size: 1615
Docker image pushed successfully
Cleaning up...
mybuilder removed
ECR push process completed at Sun Jun 30 18:43:32 CST 2024
Starting ECR push process at Sun Jun 30 19:16:15 CST 2024
Region: us-east-1
Repository URL: 993407081893.dkr.ecr.us-east-1.amazonaws.com/nginx
Logging in to ECR...
Login Succeeded
Successfully logged in to ECR
Creating Dockerfile...
Setting up Docker buildx...
mybuilder
Docker buildx setup successful
Building and loading Docker image...
#0 building with "mybuilder" instance using docker-container driver

#1 [internal] booting buildkit
#1 pulling image moby/buildkit:buildx-stable-1
#1 pulling image moby/buildkit:buildx-stable-1 1.1s done
#1 creating container buildx_buildkit_mybuilder0
#1 creating container buildx_buildkit_mybuilder0 0.5s done
#1 DONE 1.7s

#2 [internal] load build definition from Dockerfile
#2 transferring dockerfile: 139B done
#2 DONE 0.0s

#3 [internal] load metadata for docker.io/library/nginx:1.27.0-alpine-slim
#3 DONE 1.7s

#4 [internal] load .dockerignore
#4 transferring context: 2B done
#4 DONE 0.0s

#5 [1/1] FROM docker.io/library/nginx:1.27.0-alpine-slim@sha256:66943ac4a1ca7f111097d3c656939dfe8ae2bc8314bb45d6d80419c5fb25e304
#5 resolve docker.io/library/nginx:1.27.0-alpine-slim@sha256:66943ac4a1ca7f111097d3c656939dfe8ae2bc8314bb45d6d80419c5fb25e304 0.0s done
#5 DONE 0.1s

#6 exporting to oci image format
#6 exporting layers done
#6 exporting manifest sha256:2227116efe3b58d1a0d9780e989262a1a7f5f0608f47449714c518de8666e731 done
#6 exporting config sha256:314d79aff333fe918f80013858bdad675c62ab8247cadd489fc2cd9ec227ec6c done
#6 ...

#5 [1/1] FROM docker.io/library/nginx:1.27.0-alpine-slim@sha256:66943ac4a1ca7f111097d3c656939dfe8ae2bc8314bb45d6d80419c5fb25e304
#5 sha256:b84a74cde5af5c5199bfc2ce2a8c8951a29a7716d17327e923f1a14c870a858b 3.42MB / 3.42MB 3.7s done
#5 sha256:86c35ade2ef3fc036c4d252dc91d9bbcb7a182cccde80ed8cd38f2441cc1d114 1.40kB / 1.40kB 0.2s done
#5 sha256:8311a42582b3be423b36b2d2b20dc028c69b089c941ed07c31cb35399305461c 397B / 397B 0.3s done
#5 sha256:ec939b2456d7dd88a36bb7b620b10caed3301f2c440d3385ec7686d69823e69d 1.92MB / 1.92MB 2.6s done
#5 sha256:4838760d22df5943d9a3eadd764e3dfc8477e8e28651724efdb110723febcfb3 626B / 626B 0.4s done
#5 sha256:6b549263cbbd6a62fbe0fc206b12bfdaf0f8be68ce22381354b69158a965da9a 959B / 959B 0.4s done
#5 sha256:56051d5ceced327050d3affcbe858aabf524aacc3bd3a8fb5879dc9f2943af9c 1.21kB / 1.21kB 0.2s done
#5 DONE 3.7s

#6 exporting to oci image format
#6 sending tarball
#6 sending tarball 0.2s done
#6 DONE 3.9s

#7 importing to docker
#7 DONE 0.0s

View build details: docker-desktop://dashboard/build/mybuilder/mybuilder0/xfw9xqbxtp2j6vpenhmz1uc73
Docker image built and loaded successfully
Pushing Docker image...
The push refers to repository [993407081893.dkr.ecr.us-east-1.amazonaws.com/nginx]
56051d5ceced: Waiting
8311a42582b3: Waiting
ec939b2456d7: Waiting
4838760d22df: Waiting
86c35ade2ef3: Waiting
b84a74cde5af: Waiting
6b549263cbbd: Waiting
b84a74cde5af: Waiting
6b549263cbbd: Waiting
56051d5ceced: Waiting
8311a42582b3: Waiting
ec939b2456d7: Waiting
4838760d22df: Waiting
86c35ade2ef3: Waiting
86c35ade2ef3: Waiting
b84a74cde5af: Waiting
6b549263cbbd: Waiting
56051d5ceced: Waiting
8311a42582b3: Waiting
ec939b2456d7: Waiting
4838760d22df: Waiting
86c35ade2ef3: Waiting
b84a74cde5af: Waiting
6b549263cbbd: Waiting
56051d5ceced: Waiting
8311a42582b3: Waiting
ec939b2456d7: Waiting
4838760d22df: Waiting
6b549263cbbd: Waiting
56051d5ceced: Waiting
8311a42582b3: Waiting
ec939b2456d7: Waiting
4838760d22df: Waiting
86c35ade2ef3: Waiting
b84a74cde5af: Waiting
ec939b2456d7: Waiting
4838760d22df: Waiting
86c35ade2ef3: Waiting
b84a74cde5af: Waiting
6b549263cbbd: Waiting
56051d5ceced: Waiting
8311a42582b3: Waiting
8311a42582b3: Waiting
ec939b2456d7: Waiting
4838760d22df: Waiting
86c35ade2ef3: Waiting
b84a74cde5af: Waiting
6b549263cbbd: Waiting
56051d5ceced: Waiting
56051d5ceced: Waiting
8311a42582b3: Waiting
ec939b2456d7: Waiting
4838760d22df: Waiting
86c35ade2ef3: Waiting
b84a74cde5af: Waiting
6b549263cbbd: Waiting
4838760d22df: Pushed
86c35ade2ef3: Pushed
6b549263cbbd: Pushed
56051d5ceced: Pushed
8311a42582b3: Pushed
ec939b2456d7: Pushed
b84a74cde5af: Pushed
1.27.0-alpine-slim: digest: sha256:2227116efe3b58d1a0d9780e989262a1a7f5f0608f47449714c518de8666e731 size: 1615
Docker image pushed successfully
Cleaning up...
mybuilder removed
ECR push process completed at Sun Jun 30 19:16:55 CST 2024
Starting ECR push process at Sun Jun 30 19:36:31 CST 2024
Region: us-east-1
Repository URL: 993407081893.dkr.ecr.us-east-1.amazonaws.com/nginx
Logging in to ECR...
Login Succeeded
Successfully logged in to ECR
Creating Dockerfile...
Setting up Docker buildx...
mybuilder
Docker buildx setup successful
Building and loading Docker image...
#0 building with "mybuilder" instance using docker-container driver

#1 [internal] booting buildkit
#1 pulling image moby/buildkit:buildx-stable-1
#1 pulling image moby/buildkit:buildx-stable-1 1.1s done
#1 creating container buildx_buildkit_mybuilder0
#1 creating container buildx_buildkit_mybuilder0 0.8s done
#1 DONE 1.8s

#2 [internal] load build definition from Dockerfile
#2 transferring dockerfile: 139B 0.0s done
#2 DONE 0.0s

#3 [internal] load metadata for docker.io/library/nginx:1.27.0-alpine-slim
#3 DONE 1.7s

#4 [internal] load .dockerignore
#4 transferring context: 2B done
#4 DONE 0.0s

#5 [1/1] FROM docker.io/library/nginx:1.27.0-alpine-slim@sha256:66943ac4a1ca7f111097d3c656939dfe8ae2bc8314bb45d6d80419c5fb25e304
#5 resolve docker.io/library/nginx:1.27.0-alpine-slim@sha256:66943ac4a1ca7f111097d3c656939dfe8ae2bc8314bb45d6d80419c5fb25e304 done
#5 sha256:86c35ade2ef3fc036c4d252dc91d9bbcb7a182cccde80ed8cd38f2441cc1d114 0B / 1.40kB 0.2s
#5 sha256:86c35ade2ef3fc036c4d252dc91d9bbcb7a182cccde80ed8cd38f2441cc1d114 1.40kB / 1.40kB 0.2s done
#5 sha256:8311a42582b3be423b36b2d2b20dc028c69b089c941ed07c31cb35399305461c 0B / 397B 0.3s
#5 sha256:56051d5ceced327050d3affcbe858aabf524aacc3bd3a8fb5879dc9f2943af9c 0B / 1.21kB 0.2s
#5 sha256:6b549263cbbd6a62fbe0fc206b12bfdaf0f8be68ce22381354b69158a965da9a 0B / 959B 0.2s
#5 sha256:8311a42582b3be423b36b2d2b20dc028c69b089c941ed07c31cb35399305461c 397B / 397B 0.3s done
#5 sha256:56051d5ceced327050d3affcbe858aabf524aacc3bd3a8fb5879dc9f2943af9c 1.21kB / 1.21kB 0.4s done
#5 sha256:4838760d22df5943d9a3eadd764e3dfc8477e8e28651724efdb110723febcfb3 0B / 626B 0.2s
#5 sha256:4838760d22df5943d9a3eadd764e3dfc8477e8e28651724efdb110723febcfb3 626B / 626B 0.3s done
#5 sha256:b84a74cde5af5c5199bfc2ce2a8c8951a29a7716d17327e923f1a14c870a858b 0B / 3.42MB 0.2s
#5 sha256:6b549263cbbd6a62fbe0fc206b12bfdaf0f8be68ce22381354b69158a965da9a 959B / 959B 0.6s done
#5 sha256:ec939b2456d7dd88a36bb7b620b10caed3301f2c440d3385ec7686d69823e69d 0B / 1.92MB 0.3s
#5 sha256:ec939b2456d7dd88a36bb7b620b10caed3301f2c440d3385ec7686d69823e69d 1.05MB / 1.92MB 0.5s
#5 sha256:b84a74cde5af5c5199bfc2ce2a8c8951a29a7716d17327e923f1a14c870a858b 3.42MB / 3.42MB 0.6s done
#5 sha256:ec939b2456d7dd88a36bb7b620b10caed3301f2c440d3385ec7686d69823e69d 1.92MB / 1.92MB 0.5s done
#5 DONE 1.0s

#6 exporting to oci image format
#6 exporting layers done
#6 exporting manifest sha256:2227116efe3b58d1a0d9780e989262a1a7f5f0608f47449714c518de8666e731 done
#6 exporting config sha256:314d79aff333fe918f80013858bdad675c62ab8247cadd489fc2cd9ec227ec6c done
#6 sending tarball
#6 sending tarball 0.3s done
#6 DONE 1.3s

#7 importing to docker
#7 DONE 0.0s

View build details: docker-desktop://dashboard/build/mybuilder/mybuilder0/hgwhjzijm9um42nf12hlsv6ze
Docker image built and loaded successfully
Pushing Docker image...
The push refers to repository [993407081893.dkr.ecr.us-east-1.amazonaws.com/nginx]
56051d5ceced: Waiting
4838760d22df: Waiting
86c35ade2ef3: Waiting
6b549263cbbd: Waiting
ec939b2456d7: Waiting
b84a74cde5af: Waiting
8311a42582b3: Waiting
4838760d22df: Waiting
86c35ade2ef3: Waiting
6b549263cbbd: Waiting
ec939b2456d7: Waiting
b84a74cde5af: Waiting
8311a42582b3: Waiting
56051d5ceced: Waiting
86c35ade2ef3: Waiting
6b549263cbbd: Waiting
ec939b2456d7: Waiting
b84a74cde5af: Waiting
8311a42582b3: Waiting
56051d5ceced: Waiting
4838760d22df: Waiting
86c35ade2ef3: Waiting
6b549263cbbd: Waiting
ec939b2456d7: Waiting
b84a74cde5af: Waiting
8311a42582b3: Waiting
56051d5ceced: Waiting
4838760d22df: Waiting
56051d5ceced: Waiting
4838760d22df: Waiting
86c35ade2ef3: Waiting
6b549263cbbd: Waiting
ec939b2456d7: Waiting
b84a74cde5af: Waiting
8311a42582b3: Waiting
4838760d22df: Waiting
86c35ade2ef3: Waiting
6b549263cbbd: Waiting
ec939b2456d7: Waiting
b84a74cde5af: Waiting
8311a42582b3: Waiting
56051d5ceced: Waiting
6b549263cbbd: Waiting
ec939b2456d7: Waiting
b84a74cde5af: Waiting
8311a42582b3: Waiting
56051d5ceced: Waiting
4838760d22df: Waiting
86c35ade2ef3: Waiting
8311a42582b3: Pushed
56051d5ceced: Pushed
86c35ade2ef3: Pushed
6b549263cbbd: Pushed
4838760d22df: Pushed
ec939b2456d7: Pushed
b84a74cde5af: Pushed
1.27.0-alpine-slim: digest: sha256:2227116efe3b58d1a0d9780e989262a1a7f5f0608f47449714c518de8666e731 size: 1615
Docker image pushed successfully
Cleaning up...
mybuilder removed
ECR push process completed at Sun Jun 30 19:37:02 CST 2024
Starting ECR push process at Sun Jun 30 20:40:51 CST 2024
Region: us-east-1
Repository URL: 993407081893.dkr.ecr.us-east-1.amazonaws.com/nginx
Logging in to ECR...
Login Succeeded
Successfully logged in to ECR
Creating Dockerfile...
Setting up Docker buildx...
mybuilder
Docker buildx setup successful
Building and loading Docker image...
#0 building with "mybuilder" instance using docker-container driver

#1 [internal] booting buildkit
#1 pulling image moby/buildkit:buildx-stable-1
#1 pulling image moby/buildkit:buildx-stable-1 1.5s done
#1 creating container buildx_buildkit_mybuilder0
#1 creating container buildx_buildkit_mybuilder0 0.8s done
#1 DONE 2.3s

#2 [internal] load build definition from Dockerfile
#2 transferring dockerfile: 139B done
#2 DONE 0.0s

#3 [internal] load metadata for docker.io/library/nginx:1.27.0-alpine-slim
#3 DONE 2.3s

#4 [internal] load .dockerignore
#4 transferring context: 2B done
#4 DONE 0.0s

#5 [1/1] FROM docker.io/library/nginx:1.27.0-alpine-slim@sha256:66943ac4a1ca7f111097d3c656939dfe8ae2bc8314bb45d6d80419c5fb25e304
#5 resolve docker.io/library/nginx:1.27.0-alpine-slim@sha256:66943ac4a1ca7f111097d3c656939dfe8ae2bc8314bb45d6d80419c5fb25e304 done
#5 sha256:6b549263cbbd6a62fbe0fc206b12bfdaf0f8be68ce22381354b69158a965da9a 0B / 959B 0.2s
#5 sha256:86c35ade2ef3fc036c4d252dc91d9bbcb7a182cccde80ed8cd38f2441cc1d114 1.40kB / 1.40kB 0.2s done
#5 sha256:8311a42582b3be423b36b2d2b20dc028c69b089c941ed07c31cb35399305461c 0B / 397B 0.3s
#5 sha256:4838760d22df5943d9a3eadd764e3dfc8477e8e28651724efdb110723febcfb3 0B / 626B 0.3s
#5 sha256:6b549263cbbd6a62fbe0fc206b12bfdaf0f8be68ce22381354b69158a965da9a 959B / 959B 0.3s done
#5 sha256:4838760d22df5943d9a3eadd764e3dfc8477e8e28651724efdb110723febcfb3 626B / 626B 0.4s done
#5 sha256:b84a74cde5af5c5199bfc2ce2a8c8951a29a7716d17327e923f1a14c870a858b 0B / 3.42MB 0.2s
#5 sha256:8311a42582b3be423b36b2d2b20dc028c69b089c941ed07c31cb35399305461c 397B / 397B 0.5s done
#5 sha256:56051d5ceced327050d3affcbe858aabf524aacc3bd3a8fb5879dc9f2943af9c 0B / 1.21kB 0.2s
#5 sha256:ec939b2456d7dd88a36bb7b620b10caed3301f2c440d3385ec7686d69823e69d 0B / 1.92MB 0.2s
#5 sha256:56051d5ceced327050d3affcbe858aabf524aacc3bd3a8fb5879dc9f2943af9c 1.21kB / 1.21kB 0.4s done
#5 sha256:b84a74cde5af5c5199bfc2ce2a8c8951a29a7716d17327e923f1a14c870a858b 1.05MB / 3.42MB 2.0s
#5 sha256:ec939b2456d7dd88a36bb7b620b10caed3301f2c440d3385ec7686d69823e69d 1.05MB / 1.92MB 2.0s
#5 sha256:ec939b2456d7dd88a36bb7b620b10caed3301f2c440d3385ec7686d69823e69d 1.92MB / 1.92MB 3.0s done
#5 sha256:b84a74cde5af5c5199bfc2ce2a8c8951a29a7716d17327e923f1a14c870a858b 2.10MB / 3.42MB 3.3s
#5 sha256:b84a74cde5af5c5199bfc2ce2a8c8951a29a7716d17327e923f1a14c870a858b 3.15MB / 3.42MB 4.4s
#5 sha256:b84a74cde5af5c5199bfc2ce2a8c8951a29a7716d17327e923f1a14c870a858b 3.42MB / 3.42MB 4.6s done
#5 DONE 4.9s

#6 exporting to oci image format
#6 exporting layers done
#6 exporting manifest sha256:2227116efe3b58d1a0d9780e989262a1a7f5f0608f47449714c518de8666e731 done
#6 exporting config sha256:314d79aff333fe918f80013858bdad675c62ab8247cadd489fc2cd9ec227ec6c done
#6 sending tarball
#6 ...

#7 importing to docker
#7 DONE 0.0s

#6 exporting to oci image format
#6 sending tarball 0.2s done
#6 DONE 5.1s

View build details: docker-desktop://dashboard/build/mybuilder/mybuilder0/wb0pc8viilshxfxah7pq8k7tg
Docker image built and loaded successfully
Pushing Docker image...
The push refers to repository [993407081893.dkr.ecr.us-east-1.amazonaws.com/nginx]
ec939b2456d7: Waiting
6b549263cbbd: Waiting
4838760d22df: Waiting
b84a74cde5af: Waiting
8311a42582b3: Waiting
56051d5ceced: Waiting
86c35ade2ef3: Waiting
86c35ade2ef3: Waiting
ec939b2456d7: Waiting
6b549263cbbd: Waiting
4838760d22df: Waiting
b84a74cde5af: Waiting
8311a42582b3: Waiting
56051d5ceced: Waiting
86c35ade2ef3: Waiting
ec939b2456d7: Waiting
6b549263cbbd: Waiting
4838760d22df: Waiting
b84a74cde5af: Waiting
8311a42582b3: Waiting
56051d5ceced: Waiting
4838760d22df: Waiting
b84a74cde5af: Waiting
8311a42582b3: Waiting
56051d5ceced: Waiting
86c35ade2ef3: Waiting
ec939b2456d7: Waiting
6b549263cbbd: Waiting
b84a74cde5af: Waiting
8311a42582b3: Waiting
56051d5ceced: Waiting
86c35ade2ef3: Waiting
ec939b2456d7: Waiting
6b549263cbbd: Waiting
4838760d22df: Waiting
56051d5ceced: Waiting
86c35ade2ef3: Waiting
ec939b2456d7: Waiting
6b549263cbbd: Waiting
4838760d22df: Waiting
b84a74cde5af: Waiting
8311a42582b3: Waiting
56051d5ceced: Waiting
86c35ade2ef3: Waiting
ec939b2456d7: Waiting
6b549263cbbd: Waiting
4838760d22df: Waiting
b84a74cde5af: Waiting
8311a42582b3: Waiting
86c35ade2ef3: Waiting
ec939b2456d7: Waiting
6b549263cbbd: Waiting
4838760d22df: Waiting
b84a74cde5af: Waiting
8311a42582b3: Waiting
56051d5ceced: Waiting
b84a74cde5af: Waiting
8311a42582b3: Waiting
86c35ade2ef3: Pushed
6b549263cbbd: Pushed
4838760d22df: Pushed
8311a42582b3: Pushed
56051d5ceced: Pushed
ec939b2456d7: Pushed
b84a74cde5af: Pushed
1.27.0-alpine-slim: digest: sha256:2227116efe3b58d1a0d9780e989262a1a7f5f0608f47449714c518de8666e731 size: 1615
Docker image pushed successfully
Cleaning up...
mybuilder removed
ECR push process completed at Sun Jun 30 20:41:29 CST 2024
Starting ECR push process at Sun Jun 30 21:06:17 CST 2024
Region: us-east-1
Repository URL: 993407081893.dkr.ecr.us-east-1.amazonaws.com/nginx
Logging in to ECR...
Login Succeeded
Successfully logged in to ECR
Creating Dockerfile...
Setting up Docker buildx...
mybuilder
Docker buildx setup successful
Building and loading Docker image...
#0 building with "mybuilder" instance using docker-container driver

#1 [internal] booting buildkit
#1 pulling image moby/buildkit:buildx-stable-1
#1 pulling image moby/buildkit:buildx-stable-1 1.1s done
#1 creating container buildx_buildkit_mybuilder0
#1 creating container buildx_buildkit_mybuilder0 0.7s done
#1 DONE 1.8s

#2 [internal] load build definition from Dockerfile
#2 transferring dockerfile: 139B done
#2 DONE 0.0s

#3 [internal] load metadata for docker.io/library/nginx:1.27.0-alpine-slim
#3 DONE 1.8s

#4 [internal] load .dockerignore
#4 transferring context: 2B done
#4 DONE 0.0s

#5 exporting to oci image format
#5 exporting layers done
#5 exporting manifest sha256:2227116efe3b58d1a0d9780e989262a1a7f5f0608f47449714c518de8666e731 done
#5 exporting config sha256:314d79aff333fe918f80013858bdad675c62ab8247cadd489fc2cd9ec227ec6c done
#5 ...

#6 [1/1] FROM docker.io/library/nginx:1.27.0-alpine-slim@sha256:66943ac4a1ca7f111097d3c656939dfe8ae2bc8314bb45d6d80419c5fb25e304
#6 resolve docker.io/library/nginx:1.27.0-alpine-slim@sha256:66943ac4a1ca7f111097d3c656939dfe8ae2bc8314bb45d6d80419c5fb25e304 done
#6 sha256:86c35ade2ef3fc036c4d252dc91d9bbcb7a182cccde80ed8cd38f2441cc1d114 1.40kB / 1.40kB 0.2s done
#6 sha256:8311a42582b3be423b36b2d2b20dc028c69b089c941ed07c31cb35399305461c 397B / 397B 0.3s done
#6 sha256:4838760d22df5943d9a3eadd764e3dfc8477e8e28651724efdb110723febcfb3 626B / 626B 0.5s done
#6 sha256:ec939b2456d7dd88a36bb7b620b10caed3301f2c440d3385ec7686d69823e69d 1.92MB / 1.92MB 1.2s done
#6 sha256:6b549263cbbd6a62fbe0fc206b12bfdaf0f8be68ce22381354b69158a965da9a 959B / 959B 0.5s done
#6 sha256:b84a74cde5af5c5199bfc2ce2a8c8951a29a7716d17327e923f1a14c870a858b 3.42MB / 3.42MB 1.9s done
#6 sha256:56051d5ceced327050d3affcbe858aabf524aacc3bd3a8fb5879dc9f2943af9c 1.21kB / 1.21kB 0.3s done
#6 DONE 2.3s

#5 exporting to oci image format
#5 sending tarball
#5 sending tarball 0.2s done
#5 DONE 2.5s

#7 importing to docker
#7 DONE 0.0s

View build details: docker-desktop://dashboard/build/mybuilder/mybuilder0/qt06rk95rjjvqbpoc5nyieod9
Docker image built and loaded successfully
Pushing Docker image...
The push refers to repository [993407081893.dkr.ecr.us-east-1.amazonaws.com/nginx]
86c35ade2ef3: Waiting
b84a74cde5af: Waiting
ec939b2456d7: Waiting
4838760d22df: Waiting
8311a42582b3: Waiting
6b549263cbbd: Waiting
56051d5ceced: Waiting
6b549263cbbd: Waiting
56051d5ceced: Waiting
86c35ade2ef3: Waiting
b84a74cde5af: Waiting
ec939b2456d7: Waiting
4838760d22df: Waiting
8311a42582b3: Waiting
56051d5ceced: Waiting
86c35ade2ef3: Waiting
b84a74cde5af: Waiting
ec939b2456d7: Waiting
4838760d22df: Waiting
8311a42582b3: Waiting
6b549263cbbd: Waiting
86c35ade2ef3: Waiting
b84a74cde5af: Waiting
ec939b2456d7: Waiting
4838760d22df: Waiting
8311a42582b3: Waiting
6b549263cbbd: Waiting
56051d5ceced: Waiting
8311a42582b3: Waiting
6b549263cbbd: Waiting
56051d5ceced: Waiting
86c35ade2ef3: Waiting
b84a74cde5af: Waiting
ec939b2456d7: Waiting
4838760d22df: Waiting
8311a42582b3: Waiting
6b549263cbbd: Waiting
56051d5ceced: Waiting
86c35ade2ef3: Waiting
b84a74cde5af: Waiting
ec939b2456d7: Waiting
4838760d22df: Waiting
4838760d22df: Waiting
8311a42582b3: Waiting
6b549263cbbd: Waiting
56051d5ceced: Waiting
86c35ade2ef3: Waiting
b84a74cde5af: Waiting
ec939b2456d7: Waiting
86c35ade2ef3: Waiting
b84a74cde5af: Waiting
ec939b2456d7: Waiting
4838760d22df: Waiting
8311a42582b3: Waiting
6b549263cbbd: Waiting
56051d5ceced: Waiting
8311a42582b3: Waiting
6b549263cbbd: Waiting
56051d5ceced: Waiting
86c35ade2ef3: Waiting
b84a74cde5af: Waiting
ec939b2456d7: Waiting
4838760d22df: Waiting
4838760d22df: Waiting
4838760d22df: Waiting
86c35ade2ef3: Pushed
8311a42582b3: Pushed
6b549263cbbd: Pushed
56051d5ceced: Pushed
4838760d22df: Pushed
ec939b2456d7: Pushed
b84a74cde5af: Pushed
1.27.0-alpine-slim: digest: sha256:2227116efe3b58d1a0d9780e989262a1a7f5f0608f47449714c518de8666e731 size: 1615
Docker image pushed successfully
Cleaning up...
mybuilder removed
ECR push process completed at Sun Jun 30 21:06:56 CST 2024
